# JRE version: Java(TM) SE Runtime Environment (8.0_31-b13) (build 1.8.0_31-b13)
# Java VM: Java HotSpot(TM) 64-Bit Server VM (25.31-b07 mixed mode linux-amd64 compressed oops)
Heap:
 def new generation   total 3072K, used 1820K [0x00000000f6c00000, 0x00000000f6f50000, 0x00000000f9d50000)
  eden space 2752K,  54% used [0x00000000f6c00000, 0x00000000f6d770f8, 0x00000000f6eb0000)
  from space 320K, 100% used [0x00000000f6eb0000, 0x00000000f6f00000, 0x00000000f6f00000)
  to   space 320K,   0% used [0x00000000f6f00000, 0x00000000f6f00000, 0x00000000f6f50000)
 tenured generation   total 6848K, used 2189K [0x00000000f9d50000, 0x00000000fa400000, 0x0000000100000000)
   the space 6848K,  31% used [0x00000000f9d50000, 0x00000000f9f73648, 0x00000000f9f73800, 0x00000000fa400000)
 Metaspace       used 8589K, capacity 8668K, committed 8832K, reserved 1056768K
  class space    used 1005K, capacity 1046K, committed 1152K, reserved 1048576K
GC Heap History (10 events):
Event: 0.957 GC heap before
{Heap before GC invocations=1 (full 0):
 def new generation   total 3072K, used 3072K [0x00000000f6c00000, 0x00000000f6f50000, 0x00000000f9d50000)
  eden space 2752K, 100% used [0x00000000f6c00000, 0x00000000f6eb0000, 0x00000000f6eb0000)
  from space 320K, 100% used [0x00000000f6f00000, 0x00000000f6f50000, 0x00000000f6f50000)
  to   space 320K,   0% used [0x00000000f6eb0000, 0x00000000f6eb0000, 0x00000000f6f00000)
 tenured generation   total 6848K, used 531K [0x00000000f9d50000, 0x00000000fa400000, 0x0000000100000000)
   the space 6848K,   7% used [0x00000000f9d50000, 0x00000000f9dd4c30, 0x00000000f9dd4e00, 0x00000000fa400000)
 Metaspace       used 4811K, capacity 5280K, committed 5504K, reserved 1056768K
  class space    used 546K, capacity 592K, committed 640K, reserved 1048576K
Event: 0.966 GC heap after
Heap after GC invocations=2 (full 0):
 def new generation   total 3072K, used 320K [0x00000000f6c00000, 0x00000000f6f50000, 0x00000000f9d50000)
  eden space 2752K,   0% used [0x00000000f6c00000, 0x00000000f6c00000, 0x00000000f6eb0000)
  from space 320K, 100% used [0x00000000f6eb0000, 0x00000000f6f00000, 0x00000000f6f00000)
  to   space 320K,   0% used [0x00000000f6f00000, 0x00000000f6f00000, 0x00000000f6f50000)
 tenured generation   total 6848K, used 1014K [0x00000000f9d50000, 0x00000000fa400000, 0x0000000100000000)
   the space 6848K,  14% used [0x00000000f9d50000, 0x00000000f9e4da98, 0x00000000f9e4dc00, 0x00000000fa400000)
 Metaspace       used 4811K, capacity 5280K, committed 5504K, reserved 1056768K
  class space    used 546K, capacity 592K, committed 640K, reserved 1048576K
}
Event: 1.264 GC heap before
{Heap before GC invocations=2 (full 0):
 def new generation   total 3072K, used 3072K [0x00000000f6c00000, 0x00000000f6f50000, 0x00000000f9d50000)
  eden space 2752K, 100% used [0x00000000f6c00000, 0x00000000f6eb0000, 0x00000000f6eb0000)
  from space 320K, 100% used [0x00000000f6eb0000, 0x00000000f6f00000, 0x00000000f6f00000)
  to   space 320K,   0% used [0x00000000f6f00000, 0x00000000f6f00000, 0x00000000f6f50000)
 tenured generation   total 6848K, used 1014K [0x00000000f9d50000, 0x00000000fa400000, 0x0000000100000000)
   the space 6848K,  14% used [0x00000000f9d50000, 0x00000000f9e4da98, 0x00000000f9e4dc00, 0x00000000fa400000)
 Metaspace       used 5748K, capacity 5808K, committed 5888K, reserved 1056768K
  class space    used 669K, capacity 720K, committed 768K, reserved 1048576K
Event: 1.279 GC heap after
Heap after GC invocations=3 (full 0):
 def new generation   total 3072K, used 320K [0x00000000f6c00000, 0x00000000f6f50000, 0x00000000f9d50000)
  eden space 2752K,   0% used [0x00000000f6c00000, 0x00000000f6c00000, 0x00000000f6eb0000)
  from space 320K, 100% used [0x00000000f6f00000, 0x00000000f6f50000, 0x00000000f6f50000)
  to   space 320K,   0% used [0x00000000f6eb0000, 0x00000000f6eb0000, 0x00000000f6f00000)
 tenured generation   total 6848K, used 1436K [0x00000000f9d50000, 0x00000000fa400000, 0x0000000100000000)
   the space 6848K,  20% used [0x00000000f9d50000, 0x00000000f9eb71f8, 0x00000000f9eb7200, 0x00000000fa400000)
 Metaspace       used 5748K, capacity 5808K, committed 5888K, reserved 1056768K
  class space    used 669K, capacity 720K, committed 768K, reserved 1048576K
}
Event: 3.288 GC heap before
{Heap before GC invocations=3 (full 0):
 def new generation   total 3072K, used 3072K [0x00000000f6c00000, 0x00000000f6f50000, 0x00000000f9d50000)
  eden space 2752K, 100% used [0x00000000f6c00000, 0x00000000f6eb0000, 0x00000000f6eb0000)
  from space 320K, 100% used [0x00000000f6f00000, 0x00000000f6f50000, 0x00000000f6f50000)
  to   space 320K,   0% used [0x00000000f6eb0000, 0x00000000f6eb0000, 0x00000000f6f00000)
 tenured generation   total 6848K, used 1436K [0x00000000f9d50000, 0x00000000fa400000, 0x0000000100000000)
   the space 6848K,  20% used [0x00000000f9d50000, 0x00000000f9eb71f8, 0x00000000f9eb7200, 0x00000000fa400000)
 Metaspace       used 6236K, capacity 6288K, committed 6400K, reserved 1056768K
  class space    used 721K, capacity 752K, committed 768K, reserved 1048576K
Event: 3.436 GC heap after
Heap after GC invocations=4 (full 0):
 def new generation   total 3072K, used 319K [0x00000000f6c00000, 0x00000000f6f50000, 0x00000000f9d50000)
  eden space 2752K,   0% used [0x00000000f6c00000, 0x00000000f6c00000, 0x00000000f6eb0000)
  from space 320K,  99% used [0x00000000f6eb0000, 0x00000000f6effff8, 0x00000000f6f00000)
  to   space 320K,   0% used [0x00000000f6f00000, 0x00000000f6f00000, 0x00000000f6f50000)
 tenured generation   total 6848K, used 1813K [0x00000000f9d50000, 0x00000000fa400000, 0x0000000100000000)
   the space 6848K,  26% used [0x00000000f9d50000, 0x00000000f9f15760, 0x00000000f9f15800, 0x00000000fa400000)
 Metaspace       used 6236K, capacity 6288K, committed 6400K, reserved 1056768K
  class space    used 721K, capacity 752K, committed 768K, reserved 1048576K
}
Event: 21.069 GC heap before
{Heap before GC invocations=4 (full 0):
 def new generation   total 3072K, used 3071K [0x00000000f6c00000, 0x00000000f6f50000, 0x00000000f9d50000)
  eden space 2752K, 100% used [0x00000000f6c00000, 0x00000000f6eb0000, 0x00000000f6eb0000)
  from space 320K,  99% used [0x00000000f6eb0000, 0x00000000f6effff8, 0x00000000f6f00000)
  to   space 320K,   0% used [0x00000000f6f00000, 0x00000000f6f00000, 0x00000000f6f50000)
 tenured generation   total 6848K, used 1813K [0x00000000f9d50000, 0x00000000fa400000, 0x0000000100000000)
   the space 6848K,  26% used [0x00000000f9d50000, 0x00000000f9f15760, 0x00000000f9f15800, 0x00000000fa400000)
 Metaspace       used 6970K, capacity 7056K, committed 7296K, reserved 1056768K
  class space    used 799K, capacity 816K, committed 896K, reserved 1048576K
Event: 21.810 GC heap after
Heap after GC invocations=5 (full 0):
 def new generation   total 3072K, used 319K [0x00000000f6c00000, 0x00000000f6f50000, 0x00000000f9d50000)
  eden space 2752K,   0% used [0x00000000f6c00000, 0x00000000f6c00000, 0x00000000f6eb0000)
  from space 320K,  99% used [0x00000000f6f00000, 0x00000000f6f4fff8, 0x00000000f6f50000)
  to   space 320K,   0% used [0x00000000f6eb0000, 0x00000000f6eb0000, 0x00000000f6f00000)
 tenured generation   total 6848K, used 2028K [0x00000000f9d50000, 0x00000000fa400000, 0x0000000100000000)
   the space 6848K,  29% used [0x00000000f9d50000, 0x00000000f9f4b0e8, 0x00000000f9f4b200, 0x00000000fa400000)
 Metaspace       used 6970K, capacity 7056K, committed 7296K, reserved 1056768K
  class space    used 799K, capacity 816K, committed 896K, reserved 1048576K
}
Event: 117.466 GC heap before
{Heap before GC invocations=5 (full 0):
 def new generation   total 3072K, used 3071K [0x00000000f6c00000, 0x00000000f6f50000, 0x00000000f9d50000)
  eden space 2752K, 100% used [0x00000000f6c00000, 0x00000000f6eb0000, 0x00000000f6eb0000)
  from space 320K,  99% used [0x00000000f6f00000, 0x00000000f6f4fff8, 0x00000000f6f50000)
  to   space 320K,   0% used [0x00000000f6eb0000, 0x00000000f6eb0000, 0x00000000f6f00000)
 tenured generation   total 6848K, used 2028K [0x00000000f9d50000, 0x00000000fa400000, 0x0000000100000000)
   the space 6848K,  29% used [0x00000000f9d50000, 0x00000000f9f4b0e8, 0x00000000f9f4b200, 0x00000000fa400000)
 Metaspace       used 7652K, capacity 7728K, committed 7936K, reserved 1056768K
  class space    used 885K, capacity 912K, committed 1024K, reserved 1048576K
Event: 118.105 GC heap after
Heap after GC invocations=6 (full 0):
 def new generation   total 3072K, used 320K [0x00000000f6c00000, 0x00000000f6f50000, 0x00000000f9d50000)
  eden space 2752K,   0% used [0x00000000f6c00000, 0x00000000f6c00000, 0x00000000f6eb0000)
  from space 320K, 100% used [0x00000000f6eb0000, 0x00000000f6f00000, 0x00000000f6f00000)
  to   space 320K,   0% used [0x00000000f6f00000, 0x00000000f6f00000, 0x00000000f6f50000)
 tenured generation   total 6848K, used 2189K [0x00000000f9d50000, 0x00000000fa400000, 0x0000000100000000)
   the space 6848K,  31% used [0x00000000f9d50000, 0x00000000f9f73648, 0x00000000f9f73800, 0x00000000fa400000)
 Metaspace       used 7652K, capacity 7728K, committed 7936K, reserved 1056768K
  class space    used 885K, capacity 912K, committed 1024K, reserved 1048576K
}

